10-Apr-2026 11:19:24.427 INFO [main] org.apache.catalina.startup.VersionLoggerListener.log Server version name:   Apache Tomcat/10.1.54
10-Apr-2026 11:19:24.439 INFO [main] org.apache.catalina.startup.VersionLoggerListener.log Server built:          Mar 30 2026 22:31:53 UTC
10-Apr-2026 11:19:24.440 INFO [main] org.apache.catalina.startup.VersionLoggerListener.log Server version number: 10.1.54.0
10-Apr-2026 11:19:24.441 INFO [main] org.apache.catalina.startup.VersionLoggerListener.log OS Name:               Windows 11
10-Apr-2026 11:19:24.442 INFO [main] org.apache.catalina.startup.VersionLoggerListener.log OS Version:            10.0
10-Apr-2026 11:19:24.443 INFO [main] org.apache.catalina.startup.VersionLoggerListener.log Architecture:          amd64
10-Apr-2026 11:19:24.443 INFO [main] org.apache.catalina.startup.VersionLoggerListener.log Java Home:             C:\Program Files\Eclipse Adoptium\jdk-17.0.12.7-hotspot
10-Apr-2026 11:19:24.443 INFO [main] org.apache.catalina.startup.VersionLoggerListener.log JVM Version:           17.0.12+7
10-Apr-2026 11:19:24.443 INFO [main] org.apache.catalina.startup.VersionLoggerListener.log JVM Vendor:            Eclipse Adoptium
10-Apr-2026 11:19:24.444 INFO [main] org.apache.catalina.startup.VersionLoggerListener.log CATALINA_BASE:         C:\Users\vaish\OneDrive\Desktop\WTL\Assignment_7\tomcat-base
10-Apr-2026 11:19:24.444 INFO [main] org.apache.catalina.startup.VersionLoggerListener.log CATALINA_HOME:         D:\Downloads\apache-tomcat-10.1.54-windows-x64\apache-tomcat-10.1.54
10-Apr-2026 11:19:24.463 INFO [main] org.apache.catalina.startup.VersionLoggerListener.log Command line argument: -Djava.util.logging.config.file=C:\Users\vaish\OneDrive\Desktop\WTL\Assignment_7\tomcat-base\conf\logging.properties
10-Apr-2026 11:19:24.464 INFO [main] org.apache.catalina.startup.VersionLoggerListener.log Command line argument: -Djava.util.logging.manager=org.apache.juli.ClassLoaderLogManager
10-Apr-2026 11:19:24.464 INFO [main] org.apache.catalina.startup.VersionLoggerListener.log Command line argument: -Djdk.tls.ephemeralDHKeySize=2048
10-Apr-2026 11:19:24.464 INFO [main] org.apache.catalina.startup.VersionLoggerListener.log Command line argument: -Djava.protocol.handler.pkgs=org.apache.catalina.webresources
10-Apr-2026 11:19:24.464 INFO [main] org.apache.catalina.startup.VersionLoggerListener.log Command line argument: -Dsun.io.useCanonCaches=false
10-Apr-2026 11:19:24.465 INFO [main] org.apache.catalina.startup.VersionLoggerListener.log Command line argument: --add-opens=java.base/java.lang=ALL-UNNAMED
10-Apr-2026 11:19:24.465 INFO [main] org.apache.catalina.startup.VersionLoggerListener.log Command line argument: --add-opens=java.base/java.lang.reflect=ALL-UNNAMED
10-Apr-2026 11:19:24.465 INFO [main] org.apache.catalina.startup.VersionLoggerListener.log Command line argument: --add-opens=java.base/java.io=ALL-UNNAMED
10-Apr-2026 11:19:24.466 INFO [main] org.apache.catalina.startup.VersionLoggerListener.log Command line argument: --add-opens=java.base/java.util=ALL-UNNAMED
10-Apr-2026 11:19:24.466 INFO [main] org.apache.catalina.startup.VersionLoggerListener.log Command line argument: --add-opens=java.base/java.util.concurrent=ALL-UNNAMED
10-Apr-2026 11:19:24.468 INFO [main] org.apache.catalina.startup.VersionLoggerListener.log Command line argument: --add-opens=java.rmi/sun.rmi.transport=ALL-UNNAMED
10-Apr-2026 11:19:24.468 INFO [main] org.apache.catalina.startup.VersionLoggerListener.log Command line argument: -Dcatalina.base=C:\Users\vaish\OneDrive\Desktop\WTL\Assignment_7\tomcat-base
10-Apr-2026 11:19:24.469 INFO [main] org.apache.catalina.startup.VersionLoggerListener.log Command line argument: -Dcatalina.home=D:\Downloads\apache-tomcat-10.1.54-windows-x64\apache-tomcat-10.1.54
10-Apr-2026 11:19:24.469 INFO [main] org.apache.catalina.startup.VersionLoggerListener.log Command line argument: -Djava.io.tmpdir=C:\Users\vaish\OneDrive\Desktop\WTL\Assignment_7\tomcat-base\temp
10-Apr-2026 11:19:24.474 INFO [main] org.apache.catalina.core.AprLifecycleListener.lifecycleEvent Loaded Apache Tomcat Native library [2.0.14] using APR version [1.7.6].
10-Apr-2026 11:19:24.488 INFO [main] org.apache.catalina.core.AprLifecycleListener.initializeSSL OpenSSL successfully initialized [OpenSSL 3.5.5 27 Jan 2026]
10-Apr-2026 11:19:24.827 INFO [main] org.apache.coyote.AbstractProtocol.init Initializing ProtocolHandler ["http-nio-8081"]
10-Apr-2026 11:19:24.867 INFO [main] org.apache.catalina.startup.Catalina.load Server initialization in [811] milliseconds
10-Apr-2026 11:19:24.928 INFO [main] org.apache.catalina.core.StandardService.startInternal Starting service [Catalina]
10-Apr-2026 11:19:24.929 INFO [main] org.apache.catalina.core.StandardEngine.startInternal Starting Servlet engine: [Apache Tomcat/10.1.54]
10-Apr-2026 11:19:24.946 INFO [main] org.apache.catalina.startup.HostConfig.deployDirectory Deploying web application directory [C:\Users\vaish\OneDrive\Desktop\WTL\Assignment_7\tomcat-base\webapps\bookstore]
10-Apr-2026 11:19:25.909 INFO [main] org.apache.jasper.servlet.TldScanner.scanJars At least one JAR was scanned for TLDs yet contained no TLDs. Enable debug logging for this logger for a complete list of JARs that were scanned but no TLDs were found in them. Skipping unneeded JARs during scanning can improve startup time and JSP compilation time.
10-Apr-2026 11:19:31.005 WARNING [main] org.apache.catalina.util.SessionIdGeneratorBase.createSecureRandom Creation of SecureRandom instance for session ID generation using [SHA1PRNG] took [5,039] milliseconds.
10-Apr-2026 11:19:31.035 INFO [main] org.apache.catalina.startup.HostConfig.deployDirectory Deployment of web application directory [C:\Users\vaish\OneDrive\Desktop\WTL\Assignment_7\tomcat-base\webapps\bookstore] has finished in [6,089] ms
10-Apr-2026 11:19:31.041 INFO [main] org.apache.coyote.AbstractProtocol.start Starting ProtocolHandler ["http-nio-8081"]
10-Apr-2026 15:56:07.709 INFO [main] org.apache.catalina.startup.VersionLoggerListener.log Server version name:   Apache Tomcat/10.1.54
10-Apr-2026 15:56:07.717 INFO [main] org.apache.catalina.startup.VersionLoggerListener.log Server built:          Mar 30 2026 22:31:53 UTC
10-Apr-2026 15:56:07.718 INFO [main] org.apache.catalina.startup.VersionLoggerListener.log Server version number: 10.1.54.0
10-Apr-2026 15:56:07.718 INFO [main] org.apache.catalina.startup.VersionLoggerListener.log OS Name:               Windows 11
10-Apr-2026 15:56:07.718 INFO [main] org.apache.catalina.startup.VersionLoggerListener.log OS Version:            10.0
10-Apr-2026 15:56:07.718 INFO [main] org.apache.catalina.startup.VersionLoggerListener.log Architecture:          amd64
10-Apr-2026 15:56:07.719 INFO [main] org.apache.catalina.startup.VersionLoggerListener.log Java Home:             C:\Program Files\Eclipse Adoptium\jdk-17.0.12.7-hotspot
10-Apr-2026 15:56:07.719 INFO [main] org.apache.catalina.startup.VersionLoggerListener.log JVM Version:           17.0.12+7
10-Apr-2026 15:56:07.719 INFO [main] org.apache.catalina.startup.VersionLoggerListener.log JVM Vendor:            Eclipse Adoptium
10-Apr-2026 15:56:07.719 INFO [main] org.apache.catalina.startup.VersionLoggerListener.log CATALINA_BASE:         C:\Users\vaish\OneDrive\Desktop\WTL\Assignment_7\tomcat-base
10-Apr-2026 15:56:07.719 INFO [main] org.apache.catalina.startup.VersionLoggerListener.log CATALINA_HOME:         D:\Downloads\apache-tomcat-10.1.54-windows-x64\apache-tomcat-10.1.54
10-Apr-2026 15:56:07.746 INFO [main] org.apache.catalina.startup.VersionLoggerListener.log Command line argument: -Djava.util.logging.config.file=C:\Users\vaish\OneDrive\Desktop\WTL\Assignment_7\tomcat-base\conf\logging.properties
10-Apr-2026 15:56:07.746 INFO [main] org.apache.catalina.startup.VersionLoggerListener.log Command line argument: -Djava.util.logging.manager=org.apache.juli.ClassLoaderLogManager
10-Apr-2026 15:56:07.746 INFO [main] org.apache.catalina.startup.VersionLoggerListener.log Command line argument: -Djdk.tls.ephemeralDHKeySize=2048
10-Apr-2026 15:56:07.746 INFO [main] org.apache.catalina.startup.VersionLoggerListener.log Command line argument: -Djava.protocol.handler.pkgs=org.apache.catalina.webresources
10-Apr-2026 15:56:07.746 INFO [main] org.apache.catalina.startup.VersionLoggerListener.log Command line argument: -Dsun.io.useCanonCaches=false
10-Apr-2026 15:56:07.746 INFO [main] org.apache.catalina.startup.VersionLoggerListener.log Command line argument: --add-opens=java.base/java.lang=ALL-UNNAMED
10-Apr-2026 15:56:07.746 INFO [main] org.apache.catalina.startup.VersionLoggerListener.log Command line argument: --add-opens=java.base/java.lang.reflect=ALL-UNNAMED
10-Apr-2026 15:56:07.746 INFO [main] org.apache.catalina.startup.VersionLoggerListener.log Command line argument: --add-opens=java.base/java.io=ALL-UNNAMED
10-Apr-2026 15:56:07.746 INFO [main] org.apache.catalina.startup.VersionLoggerListener.log Command line argument: --add-opens=java.base/java.util=ALL-UNNAMED
10-Apr-2026 15:56:07.746 INFO [main] org.apache.catalina.startup.VersionLoggerListener.log Command line argument: --add-opens=java.base/java.util.concurrent=ALL-UNNAMED
10-Apr-2026 15:56:07.747 INFO [main] org.apache.catalina.startup.VersionLoggerListener.log Command line argument: --add-opens=java.rmi/sun.rmi.transport=ALL-UNNAMED
10-Apr-2026 15:56:07.747 INFO [main] org.apache.catalina.startup.VersionLoggerListener.log Command line argument: -Dcatalina.base=C:\Users\vaish\OneDrive\Desktop\WTL\Assignment_7\tomcat-base
10-Apr-2026 15:56:07.747 INFO [main] org.apache.catalina.startup.VersionLoggerListener.log Command line argument: -Dcatalina.home=D:\Downloads\apache-tomcat-10.1.54-windows-x64\apache-tomcat-10.1.54
10-Apr-2026 15:56:07.747 INFO [main] org.apache.catalina.startup.VersionLoggerListener.log Command line argument: -Djava.io.tmpdir=C:\Users\vaish\OneDrive\Desktop\WTL\Assignment_7\tomcat-base\temp
10-Apr-2026 15:56:07.787 INFO [main] org.apache.catalina.core.AprLifecycleListener.lifecycleEvent Loaded Apache Tomcat Native library [2.0.14] using APR version [1.7.6].
10-Apr-2026 15:56:07.800 INFO [main] org.apache.catalina.core.AprLifecycleListener.initializeSSL OpenSSL successfully initialized [OpenSSL 3.5.5 27 Jan 2026]
10-Apr-2026 15:56:08.338 INFO [main] org.apache.coyote.AbstractProtocol.init Initializing ProtocolHandler ["http-nio-8081"]
10-Apr-2026 15:56:08.423 INFO [main] org.apache.catalina.startup.Catalina.load Server initialization in [1128] milliseconds
10-Apr-2026 15:56:08.535 INFO [main] org.apache.catalina.core.StandardService.startInternal Starting service [Catalina]
10-Apr-2026 15:56:08.535 INFO [main] org.apache.catalina.core.StandardEngine.startInternal Starting Servlet engine: [Apache Tomcat/10.1.54]
10-Apr-2026 15:56:08.565 INFO [main] org.apache.catalina.startup.HostConfig.deployDirectory Deploying web application directory [C:\Users\vaish\OneDrive\Desktop\WTL\Assignment_7\tomcat-base\webapps\bookstore]
10-Apr-2026 15:56:10.066 INFO [main] org.apache.jasper.servlet.TldScanner.scanJars At least one JAR was scanned for TLDs yet contained no TLDs. Enable debug logging for this logger for a complete list of JARs that were scanned but no TLDs were found in them. Skipping unneeded JARs during scanning can improve startup time and JSP compilation time.
10-Apr-2026 16:01:53.276 INFO [main] org.apache.catalina.startup.VersionLoggerListener.log Server version name:   Apache Tomcat/10.1.54
10-Apr-2026 16:01:53.289 INFO [main] org.apache.catalina.startup.VersionLoggerListener.log Server built:          Mar 30 2026 22:31:53 UTC
10-Apr-2026 16:01:53.289 INFO [main] org.apache.catalina.startup.VersionLoggerListener.log Server version number: 10.1.54.0
10-Apr-2026 16:01:53.290 INFO [main] org.apache.catalina.startup.VersionLoggerListener.log OS Name:               Windows 11
10-Apr-2026 16:01:53.290 INFO [main] org.apache.catalina.startup.VersionLoggerListener.log OS Version:            10.0
10-Apr-2026 16:01:53.290 INFO [main] org.apache.catalina.startup.VersionLoggerListener.log Architecture:          amd64
10-Apr-2026 16:01:53.290 INFO [main] org.apache.catalina.startup.VersionLoggerListener.log Java Home:             C:\Program Files\Eclipse Adoptium\jdk-17.0.12.7-hotspot
10-Apr-2026 16:01:53.290 INFO [main] org.apache.catalina.startup.VersionLoggerListener.log JVM Version:           17.0.12+7
10-Apr-2026 16:01:53.290 INFO [main] org.apache.catalina.startup.VersionLoggerListener.log JVM Vendor:            Eclipse Adoptium
10-Apr-2026 16:01:53.290 INFO [main] org.apache.catalina.startup.VersionLoggerListener.log CATALINA_BASE:         C:\Users\vaish\OneDrive\Desktop\WTL\Assignment_7\tomcat-base
10-Apr-2026 16:01:53.290 INFO [main] org.apache.catalina.startup.VersionLoggerListener.log CATALINA_HOME:         D:\Downloads\apache-tomcat-10.1.54-windows-x64\apache-tomcat-10.1.54
10-Apr-2026 16:01:53.312 INFO [main] org.apache.catalina.startup.VersionLoggerListener.log Command line argument: -Djava.util.logging.config.file=C:\Users\vaish\OneDrive\Desktop\WTL\Assignment_7\tomcat-base\conf\logging.properties
10-Apr-2026 16:01:53.312 INFO [main] org.apache.catalina.startup.VersionLoggerListener.log Command line argument: -Djava.util.logging.manager=org.apache.juli.ClassLoaderLogManager
10-Apr-2026 16:01:53.312 INFO [main] org.apache.catalina.startup.VersionLoggerListener.log Command line argument: -Djdk.tls.ephemeralDHKeySize=2048
10-Apr-2026 16:01:53.313 INFO [main] org.apache.catalina.startup.VersionLoggerListener.log Command line argument: -Djava.protocol.handler.pkgs=org.apache.catalina.webresources
10-Apr-2026 16:01:53.313 INFO [main] org.apache.catalina.startup.VersionLoggerListener.log Command line argument: -Dsun.io.useCanonCaches=false
10-Apr-2026 16:01:53.313 INFO [main] org.apache.catalina.startup.VersionLoggerListener.log Command line argument: --add-opens=java.base/java.lang=ALL-UNNAMED
10-Apr-2026 16:01:53.313 INFO [main] org.apache.catalina.startup.VersionLoggerListener.log Command line argument: --add-opens=java.base/java.lang.reflect=ALL-UNNAMED
10-Apr-2026 16:01:53.313 INFO [main] org.apache.catalina.startup.VersionLoggerListener.log Command line argument: --add-opens=java.base/java.io=ALL-UNNAMED
10-Apr-2026 16:01:53.313 INFO [main] org.apache.catalina.startup.VersionLoggerListener.log Command line argument: --add-opens=java.base/java.util=ALL-UNNAMED
10-Apr-2026 16:01:53.313 INFO [main] org.apache.catalina.startup.VersionLoggerListener.log Command line argument: --add-opens=java.base/java.util.concurrent=ALL-UNNAMED
10-Apr-2026 16:01:53.313 INFO [main] org.apache.catalina.startup.VersionLoggerListener.log Command line argument: --add-opens=java.rmi/sun.rmi.transport=ALL-UNNAMED
10-Apr-2026 16:01:53.314 INFO [main] org.apache.catalina.startup.VersionLoggerListener.log Command line argument: -Dcatalina.base=C:\Users\vaish\OneDrive\Desktop\WTL\Assignment_7\tomcat-base
10-Apr-2026 16:01:53.314 INFO [main] org.apache.catalina.startup.VersionLoggerListener.log Command line argument: -Dcatalina.home=D:\Downloads\apache-tomcat-10.1.54-windows-x64\apache-tomcat-10.1.54
10-Apr-2026 16:01:53.314 INFO [main] org.apache.catalina.startup.VersionLoggerListener.log Command line argument: -Djava.io.tmpdir=C:\Users\vaish\OneDrive\Desktop\WTL\Assignment_7\tomcat-base\temp
10-Apr-2026 16:01:53.323 INFO [main] org.apache.catalina.core.AprLifecycleListener.lifecycleEvent Loaded Apache Tomcat Native library [2.0.14] using APR version [1.7.6].
10-Apr-2026 16:01:53.351 INFO [main] org.apache.catalina.core.AprLifecycleListener.initializeSSL OpenSSL successfully initialized [OpenSSL 3.5.5 27 Jan 2026]
10-Apr-2026 16:01:53.920 INFO [main] org.apache.coyote.AbstractProtocol.init Initializing ProtocolHandler ["http-nio-8081"]
10-Apr-2026 16:01:53.983 INFO [main] org.apache.catalina.startup.Catalina.load Server initialization in [994] milliseconds
10-Apr-2026 16:01:54.078 INFO [main] org.apache.catalina.core.StandardService.startInternal Starting service [Catalina]
10-Apr-2026 16:01:54.078 INFO [main] org.apache.catalina.core.StandardEngine.startInternal Starting Servlet engine: [Apache Tomcat/10.1.54]
10-Apr-2026 16:01:54.097 INFO [main] org.apache.catalina.startup.HostConfig.deployDirectory Deploying web application directory [C:\Users\vaish\OneDrive\Desktop\WTL\Assignment_7\tomcat-base\webapps\bookstore]
10-Apr-2026 16:01:55.226 INFO [main] org.apache.jasper.servlet.TldScanner.scanJars At least one JAR was scanned for TLDs yet contained no TLDs. Enable debug logging for this logger for a complete list of JARs that were scanned but no TLDs were found in them. Skipping unneeded JARs during scanning can improve startup time and JSP compilation time.
10-Apr-2026 16:02:00.321 WARNING [main] org.apache.catalina.util.SessionIdGeneratorBase.createSecureRandom Creation of SecureRandom instance for session ID generation using [SHA1PRNG] took [5,050] milliseconds.
10-Apr-2026 16:02:00.358 INFO [main] org.apache.catalina.startup.HostConfig.deployDirectory Deployment of web application directory [C:\Users\vaish\OneDrive\Desktop\WTL\Assignment_7\tomcat-base\webapps\bookstore] has finished in [6,260] ms
10-Apr-2026 16:02:00.363 INFO [main] org.apache.coyote.AbstractProtocol.start Starting ProtocolHandler ["http-nio-8081"]
10-Apr-2026 16:02:08.340 INFO [main] org.apache.catalina.startup.Catalina.start Server startup in [14355] milliseconds
10-Apr-2026 16:04:09.220 INFO [main] org.apache.catalina.startup.VersionLoggerListener.log Server version name:   Apache Tomcat/10.1.54
10-Apr-2026 16:04:09.228 INFO [main] org.apache.catalina.startup.VersionLoggerListener.log Server built:          Mar 30 2026 22:31:53 UTC
10-Apr-2026 16:04:09.231 INFO [main] org.apache.catalina.startup.VersionLoggerListener.log Server version number: 10.1.54.0
10-Apr-2026 16:04:09.231 INFO [main] org.apache.catalina.startup.VersionLoggerListener.log OS Name:               Windows 11
10-Apr-2026 16:04:09.231 INFO [main] org.apache.catalina.startup.VersionLoggerListener.log OS Version:            10.0
10-Apr-2026 16:04:09.231 INFO [main] org.apache.catalina.startup.VersionLoggerListener.log Architecture:          amd64
10-Apr-2026 16:04:09.232 INFO [main] org.apache.catalina.startup.VersionLoggerListener.log Java Home:             C:\Program Files\Eclipse Adoptium\jdk-17.0.12.7-hotspot
10-Apr-2026 16:04:09.232 INFO [main] org.apache.catalina.startup.VersionLoggerListener.log JVM Version:           17.0.12+7
10-Apr-2026 16:04:09.232 INFO [main] org.apache.catalina.startup.VersionLoggerListener.log JVM Vendor:            Eclipse Adoptium
10-Apr-2026 16:04:09.232 INFO [main] org.apache.catalina.startup.VersionLoggerListener.log CATALINA_BASE:         C:\Users\vaish\OneDrive\Desktop\WTL\Assignment_7\tomcat-base
10-Apr-2026 16:04:09.232 INFO [main] org.apache.catalina.startup.VersionLoggerListener.log CATALINA_HOME:         D:\Downloads\apache-tomcat-10.1.54-windows-x64\apache-tomcat-10.1.54
10-Apr-2026 16:04:09.254 INFO [main] org.apache.catalina.startup.VersionLoggerListener.log Command line argument: -Djava.util.logging.config.file=C:\Users\vaish\OneDrive\Desktop\WTL\Assignment_7\tomcat-base\conf\logging.properties
10-Apr-2026 16:04:09.254 INFO [main] org.apache.catalina.startup.VersionLoggerListener.log Command line argument: -Djava.util.logging.manager=org.apache.juli.ClassLoaderLogManager
10-Apr-2026 16:04:09.254 INFO [main] org.apache.catalina.startup.VersionLoggerListener.log Command line argument: -Djdk.tls.ephemeralDHKeySize=2048
10-Apr-2026 16:04:09.255 INFO [main] org.apache.catalina.startup.VersionLoggerListener.log Command line argument: -Djava.protocol.handler.pkgs=org.apache.catalina.webresources
10-Apr-2026 16:04:09.255 INFO [main] org.apache.catalina.startup.VersionLoggerListener.log Command line argument: -Dsun.io.useCanonCaches=false
10-Apr-2026 16:04:09.255 INFO [main] org.apache.catalina.startup.VersionLoggerListener.log Command line argument: --add-opens=java.base/java.lang=ALL-UNNAMED
10-Apr-2026 16:04:09.255 INFO [main] org.apache.catalina.startup.VersionLoggerListener.log Command line argument: --add-opens=java.base/java.lang.reflect=ALL-UNNAMED
10-Apr-2026 16:04:09.256 INFO [main] org.apache.catalina.startup.VersionLoggerListener.log Command line argument: --add-opens=java.base/java.io=ALL-UNNAMED
10-Apr-2026 16:04:09.256 INFO [main] org.apache.catalina.startup.VersionLoggerListener.log Command line argument: --add-opens=java.base/java.util=ALL-UNNAMED
10-Apr-2026 16:04:09.256 INFO [main] org.apache.catalina.startup.VersionLoggerListener.log Command line argument: --add-opens=java.base/java.util.concurrent=ALL-UNNAMED
10-Apr-2026 16:04:09.256 INFO [main] org.apache.catalina.startup.VersionLoggerListener.log Command line argument: --add-opens=java.rmi/sun.rmi.transport=ALL-UNNAMED
10-Apr-2026 16:04:09.257 INFO [main] org.apache.catalina.startup.VersionLoggerListener.log Command line argument: -Dcatalina.base=C:\Users\vaish\OneDrive\Desktop\WTL\Assignment_7\tomcat-base
10-Apr-2026 16:04:09.257 INFO [main] org.apache.catalina.startup.VersionLoggerListener.log Command line argument: -Dcatalina.home=D:\Downloads\apache-tomcat-10.1.54-windows-x64\apache-tomcat-10.1.54
10-Apr-2026 16:04:09.258 INFO [main] org.apache.catalina.startup.VersionLoggerListener.log Command line argument: -Djava.io.tmpdir=C:\Users\vaish\OneDrive\Desktop\WTL\Assignment_7\tomcat-base\temp
10-Apr-2026 16:04:09.263 INFO [main] org.apache.catalina.core.AprLifecycleListener.lifecycleEvent Loaded Apache Tomcat Native library [2.0.14] using APR version [1.7.6].
10-Apr-2026 16:04:09.271 INFO [main] org.apache.catalina.core.AprLifecycleListener.initializeSSL OpenSSL successfully initialized [OpenSSL 3.5.5 27 Jan 2026]
10-Apr-2026 16:04:09.611 INFO [main] org.apache.coyote.AbstractProtocol.init Initializing ProtocolHandler ["http-nio-8081"]
10-Apr-2026 16:04:09.649 INFO [main] org.apache.catalina.startup.Catalina.load Server initialization in [694] milliseconds
10-Apr-2026 16:04:09.715 INFO [main] org.apache.catalina.core.StandardService.startInternal Starting service [Catalina]
10-Apr-2026 16:04:09.716 INFO [main] org.apache.catalina.core.StandardEngine.startInternal Starting Servlet engine: [Apache Tomcat/10.1.54]
10-Apr-2026 16:04:09.744 INFO [main] org.apache.catalina.startup.HostConfig.deployDirectory Deploying web application directory [C:\Users\vaish\OneDrive\Desktop\WTL\Assignment_7\tomcat-base\webapps\bookstore]
10-Apr-2026 16:04:10.832 INFO [main] org.apache.jasper.servlet.TldScanner.scanJars At least one JAR was scanned for TLDs yet contained no TLDs. Enable debug logging for this logger for a complete list of JARs that were scanned but no TLDs were found in them. Skipping unneeded JARs during scanning can improve startup time and JSP compilation time.
10-Apr-2026 16:04:15.894 WARNING [main] org.apache.catalina.util.SessionIdGeneratorBase.createSecureRandom Creation of SecureRandom instance for session ID generation using [SHA1PRNG] took [5,013] milliseconds.
10-Apr-2026 16:04:15.928 INFO [main] org.apache.catalina.startup.HostConfig.deployDirectory Deployment of web application directory [C:\Users\vaish\OneDrive\Desktop\WTL\Assignment_7\tomcat-base\webapps\bookstore] has finished in [6,185] ms
10-Apr-2026 16:04:15.933 INFO [main] org.apache.coyote.AbstractProtocol.start Starting ProtocolHandler ["http-nio-8081"]
10-Apr-2026 16:04:24.056 INFO [main] org.apache.catalina.startup.Catalina.start Server startup in [14407] milliseconds
10-Apr-2026 16:05:13.994 INFO [main] org.apache.catalina.startup.VersionLoggerListener.log Server version name:   Apache Tomcat/10.1.54
10-Apr-2026 16:05:14.000 INFO [main] org.apache.catalina.startup.VersionLoggerListener.log Server built:          Mar 30 2026 22:31:53 UTC
10-Apr-2026 16:05:14.001 INFO [main] org.apache.catalina.startup.VersionLoggerListener.log Server version number: 10.1.54.0
10-Apr-2026 16:05:14.001 INFO [main] org.apache.catalina.startup.VersionLoggerListener.log OS Name:               Windows 11
10-Apr-2026 16:05:14.001 INFO [main] org.apache.catalina.startup.VersionLoggerListener.log OS Version:            10.0
10-Apr-2026 16:05:14.001 INFO [main] org.apache.catalina.startup.VersionLoggerListener.log Architecture:          amd64
10-Apr-2026 16:05:14.002 INFO [main] org.apache.catalina.startup.VersionLoggerListener.log Java Home:             C:\Program Files\Eclipse Adoptium\jdk-17.0.12.7-hotspot
10-Apr-2026 16:05:14.002 INFO [main] org.apache.catalina.startup.VersionLoggerListener.log JVM Version:           17.0.12+7
10-Apr-2026 16:05:14.002 INFO [main] org.apache.catalina.startup.VersionLoggerListener.log JVM Vendor:            Eclipse Adoptium
10-Apr-2026 16:05:14.002 INFO [main] org.apache.catalina.startup.VersionLoggerListener.log CATALINA_BASE:         C:\Users\vaish\OneDrive\Desktop\WTL\Assignment_7\tomcat-base
10-Apr-2026 16:05:14.003 INFO [main] org.apache.catalina.startup.VersionLoggerListener.log CATALINA_HOME:         D:\Downloads\apache-tomcat-10.1.54-windows-x64\apache-tomcat-10.1.54
10-Apr-2026 16:05:14.018 INFO [main] org.apache.catalina.startup.VersionLoggerListener.log Command line argument: -Djava.util.logging.config.file=C:\Users\vaish\OneDrive\Desktop\WTL\Assignment_7\tomcat-base\conf\logging.properties
10-Apr-2026 16:05:14.018 INFO [main] org.apache.catalina.startup.VersionLoggerListener.log Command line argument: -Djava.util.logging.manager=org.apache.juli.ClassLoaderLogManager
10-Apr-2026 16:05:14.018 INFO [main] org.apache.catalina.startup.VersionLoggerListener.log Command line argument: -Djdk.tls.ephemeralDHKeySize=2048
10-Apr-2026 16:05:14.020 INFO [main] org.apache.catalina.startup.VersionLoggerListener.log Command line argument: -Djava.protocol.handler.pkgs=org.apache.catalina.webresources
10-Apr-2026 16:05:14.020 INFO [main] org.apache.catalina.startup.VersionLoggerListener.log Command line argument: -Dsun.io.useCanonCaches=false
10-Apr-2026 16:05:14.020 INFO [main] org.apache.catalina.startup.VersionLoggerListener.log Command line argument: --add-opens=java.base/java.lang=ALL-UNNAMED
10-Apr-2026 16:05:14.021 INFO [main] org.apache.catalina.startup.VersionLoggerListener.log Command line argument: --add-opens=java.base/java.lang.reflect=ALL-UNNAMED
10-Apr-2026 16:05:14.022 INFO [main] org.apache.catalina.startup.VersionLoggerListener.log Command line argument: --add-opens=java.base/java.io=ALL-UNNAMED
10-Apr-2026 16:05:14.022 INFO [main] org.apache.catalina.startup.VersionLoggerListener.log Command line argument: --add-opens=java.base/java.util=ALL-UNNAMED
10-Apr-2026 16:05:14.022 INFO [main] org.apache.catalina.startup.VersionLoggerListener.log Command line argument: --add-opens=java.base/java.util.concurrent=ALL-UNNAMED
10-Apr-2026 16:05:14.022 INFO [main] org.apache.catalina.startup.VersionLoggerListener.log Command line argument: --add-opens=java.rmi/sun.rmi.transport=ALL-UNNAMED
10-Apr-2026 16:05:14.022 INFO [main] org.apache.catalina.startup.VersionLoggerListener.log Command line argument: -Dcatalina.base=C:\Users\vaish\OneDrive\Desktop\WTL\Assignment_7\tomcat-base
10-Apr-2026 16:05:14.022 INFO [main] org.apache.catalina.startup.VersionLoggerListener.log Command line argument: -Dcatalina.home=D:\Downloads\apache-tomcat-10.1.54-windows-x64\apache-tomcat-10.1.54
10-Apr-2026 16:05:14.023 INFO [main] org.apache.catalina.startup.VersionLoggerListener.log Command line argument: -Djava.io.tmpdir=C:\Users\vaish\OneDrive\Desktop\WTL\Assignment_7\tomcat-base\temp
10-Apr-2026 16:05:14.030 INFO [main] org.apache.catalina.core.AprLifecycleListener.lifecycleEvent Loaded Apache Tomcat Native library [2.0.14] using APR version [1.7.6].
10-Apr-2026 16:05:14.039 INFO [main] org.apache.catalina.core.AprLifecycleListener.initializeSSL OpenSSL successfully initialized [OpenSSL 3.5.5 27 Jan 2026]
10-Apr-2026 16:05:14.360 INFO [main] org.apache.coyote.AbstractProtocol.init Initializing ProtocolHandler ["http-nio-8081"]
10-Apr-2026 16:05:14.409 INFO [main] org.apache.catalina.startup.Catalina.load Server initialization in [645] milliseconds
10-Apr-2026 16:05:14.516 INFO [main] org.apache.catalina.core.StandardService.startInternal Starting service [Catalina]
10-Apr-2026 16:05:14.517 INFO [main] org.apache.catalina.core.StandardEngine.startInternal Starting Servlet engine: [Apache Tomcat/10.1.54]
10-Apr-2026 16:05:14.549 INFO [main] org.apache.catalina.startup.HostConfig.deployDirectory Deploying web application directory [C:\Users\vaish\OneDrive\Desktop\WTL\Assignment_7\tomcat-base\webapps\bookstore]
10-Apr-2026 16:05:16.100 INFO [main] org.apache.jasper.servlet.TldScanner.scanJars At least one JAR was scanned for TLDs yet contained no TLDs. Enable debug logging for this logger for a complete list of JARs that were scanned but no TLDs were found in them. Skipping unneeded JARs during scanning can improve startup time and JSP compilation time.
10-Apr-2026 16:05:16.272 INFO [main] org.apache.catalina.startup.HostConfig.deployDirectory Deployment of web application directory [C:\Users\vaish\OneDrive\Desktop\WTL\Assignment_7\tomcat-base\webapps\bookstore] has finished in [1,722] ms
10-Apr-2026 16:05:16.278 INFO [main] org.apache.coyote.AbstractProtocol.start Starting ProtocolHandler ["http-nio-8081"]
10-Apr-2026 16:05:16.378 INFO [main] org.apache.catalina.startup.Catalina.start Server startup in [1967] milliseconds
10-Apr-2026 16:13:30.339 INFO [Thread-1] org.apache.coyote.AbstractProtocol.pause Pausing ProtocolHandler ["http-nio-8081"]
10-Apr-2026 16:13:30.747 INFO [Thread-1] org.apache.catalina.core.StandardService.stopInternal Stopping service [Catalina]
10-Apr-2026 16:13:30.753 WARNING [Thread-1] org.apache.catalina.loader.WebappClassLoaderBase.clearReferencesJdbc The web application [bookstore] registered the JDBC driver [com.mysql.cj.jdbc.Driver] but failed to unregister it when the web application was stopped. To prevent a memory leak, the JDBC Driver has been forcibly unregistered.
10-Apr-2026 16:13:30.753 WARNING [Thread-1] org.apache.catalina.loader.WebappClassLoaderBase.clearReferencesThreads The web application [bookstore] appears to have started a thread named [mysql-cj-abandoned-connection-cleanup] but has failed to stop it. This is very likely to create a memory leak. Stack trace of thread:
 java.base@17.0.12/java.lang.Object.wait(Native Method)
 java.base@17.0.12/java.lang.ref.ReferenceQueue.remove(ReferenceQueue.java:155)
 com.mysql.cj.jdbc.AbandonedConnectionCleanupThread.run(AbandonedConnectionCleanupThread.java:84)
 java.base@17.0.12/java.util.concurrent.ThreadPoolExecutor.runWorker(ThreadPoolExecutor.java:1136)
 java.base@17.0.12/java.util.concurrent.ThreadPoolExecutor$Worker.run(ThreadPoolExecutor.java:635)
 java.base@17.0.12/java.lang.Thread.run(Thread.java:840)
10-Apr-2026 16:13:30.763 INFO [Thread-1] org.apache.coyote.AbstractProtocol.stop Stopping ProtocolHandler ["http-nio-8081"]
10-Apr-2026 16:13:30.777 INFO [Thread-1] org.apache.coyote.AbstractProtocol.destroy Destroying ProtocolHandler ["http-nio-8081"]
